2021-01-10 12:34:15 INFO  [http-nio-8080-exec-3]: Language changed to ukr
2021-01-10 12:34:17 INFO  [http-nio-8080-exec-4]: Language changed to en
2021-01-10 12:34:19 INFO  [http-nio-8080-exec-5]: Language changed to ukr
2021-01-10 12:34:21 INFO  [http-nio-8080-exec-6]: Language changed to en
2021-01-10 12:35:16 INFO  [http-nio-8080-exec-1]: Language changed to ukr
2021-01-10 12:35:19 INFO  [http-nio-8080-exec-5]: Language changed to en
2021-01-10 12:35:21 INFO  [http-nio-8080-exec-6]: Language changed to ukr
2021-01-10 12:40:36 INFO  [http-nio-8080-exec-3]: Language changed to ukr
2021-01-10 12:40:37 INFO  [http-nio-8080-exec-5]: Language changed to en
2021-01-10 12:40:54 INFO  [http-nio-8080-exec-1]: Language changed to ukr
2021-01-10 12:40:57 INFO  [http-nio-8080-exec-8]: Language changed to ukr
2021-01-10 12:42:40 INFO  [http-nio-8080-exec-6]: Language changed to ukr
2021-01-10 12:42:42 INFO  [http-nio-8080-exec-12]: Language changed to en
2021-01-10 12:42:44 INFO  [http-nio-8080-exec-16]: Language changed to ukr
2021-01-10 12:43:20 INFO  [http-nio-8080-exec-22]: Language changed to ukr
2021-01-10 12:43:23 INFO  [http-nio-8080-exec-23]: Language changed to ukr
2021-01-10 12:43:25 INFO  [http-nio-8080-exec-15]: Language changed to ukr
2021-01-10 12:49:59 INFO  [http-nio-8080-exec-33]: Language changed to ukr
2021-01-10 12:50:01 INFO  [http-nio-8080-exec-34]: Language changed to ukr
2021-01-10 12:50:12 INFO  [http-nio-8080-exec-25]: Language changed to ukr
2021-01-10 12:50:14 INFO  [http-nio-8080-exec-29]: Language changed to ukr
2021-01-10 12:52:03 INFO  [http-nio-8080-exec-4]: Language changed to ukr
2021-01-10 12:52:04 INFO  [http-nio-8080-exec-5]: Language changed to ukr
2021-01-10 13:03:10 INFO  [http-nio-8080-exec-5]: Language changed to ukr
2021-01-10 13:03:12 INFO  [http-nio-8080-exec-7]: Language changed to ukr
2021-01-10 13:03:38 INFO  [http-nio-8080-exec-5]: Language changed to ukr
2021-01-10 13:03:40 INFO  [http-nio-8080-exec-10]: Language changed to ukr
2021-01-10 13:06:50 INFO  [http-nio-8080-exec-3]: Language changed to ukr
2021-01-10 13:06:58 INFO  [http-nio-8080-exec-5]: Language changed to ukr
2021-01-10 13:08:51 INFO  [http-nio-8080-exec-1]: Language changed to ukr
2021-01-10 13:08:52 INFO  [http-nio-8080-exec-2]: Language changed to ukr
2021-01-10 13:08:55 INFO  [http-nio-8080-exec-3]: Language changed to ukr
2021-01-10 13:08:57 INFO  [http-nio-8080-exec-4]: Language changed to ukr
2021-01-10 13:10:51 INFO  [http-nio-8080-exec-8]: Language changed to ukr
2021-01-10 13:10:51 INFO  [http-nio-8080-exec-10]: Language changed to ukr
2021-01-10 13:10:52 INFO  [http-nio-8080-exec-4]: Language changed to ukr
2021-01-10 13:14:08 INFO  [http-nio-8080-exec-14]: Language changed to ukr
2021-01-10 13:14:40 INFO  [http-nio-8080-exec-20]: Language changed to ukr
2021-01-10 13:20:06 INFO  [http-nio-8080-exec-3]: Language changed to ukr
2021-01-10 13:22:21 INFO  [http-nio-8080-exec-13]: Language changed to ukr
2021-01-10 13:22:27 INFO  [http-nio-8080-exec-11]: Language changed to en
2021-01-10 13:22:29 INFO  [http-nio-8080-exec-8]: Language changed to ukr
2021-01-10 13:22:52 INFO  [http-nio-8080-exec-10]: Language changed to ukr
2021-01-10 17:45:01 INFO  [http-nio-8080-exec-3]: Language changed to ukr
2021-01-10 17:49:01 ERROR [http-nio-8080-exec-20]: Incorrect input data on login page
2021-01-10 17:55:09 ERROR [http-nio-8080-exec-23]: Incorrect input data on login page
2021-01-10 17:56:34 ERROR [http-nio-8080-exec-28]: Incorrect input data on login page
2021-01-10 17:57:46 ERROR [http-nio-8080-exec-3]: Incorrect input data on login page
2021-01-10 18:01:56 ERROR [http-nio-8080-exec-6]: Incorrect input data on login page
2021-01-10 19:16:01 INFO  [http-nio-8080-exec-3]: client authorized
2021-01-10 19:29:50 INFO  [http-nio-8080-exec-8]: client authorized
2021-01-10 19:31:14 INFO  [http-nio-8080-exec-1]: admin authorized
