2021-01-14 12:10:14 ERROR [http-nio-8080-exec-5]: Incorrect input data on login page
2021-01-14 12:10:18 INFO  [http-nio-8080-exec-7]: Language changed to ukr
2021-01-14 12:10:21 ERROR [http-nio-8080-exec-9]: Incorrect input data on login page
2021-01-14 12:17:04 ERROR [http-nio-8080-exec-3]: Incorrect input data on login page
2021-01-14 12:17:16 ERROR [http-nio-8080-exec-2]: Incorrect input data on login page
2021-01-14 12:17:23 ERROR [http-nio-8080-exec-4]: Incorrect input data on login page
2021-01-14 12:17:55 ERROR [http-nio-8080-exec-12]: Incorrect input data on login page
2021-01-14 12:19:11 ERROR [http-nio-8080-exec-15]: Incorrect input data on login page
2021-01-14 12:19:11 INFO  [http-nio-8080-exec-15]: client authorized
2021-01-14 12:19:16 ERROR [http-nio-8080-exec-16]: Incorrect input data on login page
2021-01-14 12:19:33 ERROR [http-nio-8080-exec-13]: Incorrect input data on login page
2021-01-14 12:19:42 ERROR [http-nio-8080-exec-20]: Incorrect input data on login page
2021-01-14 12:19:56 ERROR [http-nio-8080-exec-11]: Incorrect input data on login page
2021-01-14 12:20:01 ERROR [http-nio-8080-exec-12]: Incorrect input data on login page
2021-01-14 12:21:22 ERROR [http-nio-8080-exec-14]: Incorrect input data on login page
2021-01-14 12:21:48 ERROR [http-nio-8080-exec-19]: Incorrect input data on login page
2021-01-14 12:21:48 INFO  [http-nio-8080-exec-19]: client authorized
2021-01-14 12:28:13 ERROR [http-nio-8080-exec-29]: Incorrect input data on login page
2021-01-14 12:28:14 INFO  [http-nio-8080-exec-29]: admin authorized
2021-01-14 12:28:39 ERROR [http-nio-8080-exec-27]: Incorrect input data on login page
2021-01-14 12:28:47 INFO  [http-nio-8080-exec-30]: Language changed to ukr
2021-01-14 12:28:49 INFO  [http-nio-8080-exec-28]: Language changed to en
2021-01-14 12:30:39 INFO  [http-nio-8080-exec-37]: admin authorized
2021-01-14 12:32:39 INFO  [http-nio-8080-exec-49]: client authorized
2021-01-14 12:40:04 INFO  [http-nio-8080-exec-60]: admin authorized
2021-01-14 12:40:51 INFO  [http-nio-8080-exec-61]: admin authorized
2021-01-14 12:41:31 INFO  [http-nio-8080-exec-68]: admin authorized
2021-01-14 12:45:10 INFO  [http-nio-8080-exec-74]: admin authorized
2021-01-14 12:45:58 INFO  [http-nio-8080-exec-71]: admin authorized
2021-01-14 12:46:12 INFO  [http-nio-8080-exec-72]: Language changed to ukr
2021-01-14 12:48:07 INFO  [http-nio-8080-exec-86]: admin authorized
2021-01-14 12:48:14 INFO  [http-nio-8080-exec-87]: Language changed to ukr
2021-01-14 12:48:42 INFO  [http-nio-8080-exec-93]: admin authorized
2021-01-14 13:03:46 INFO  [http-nio-8080-exec-138]: Language changed to ukr
2021-01-14 13:03:51 INFO  [http-nio-8080-exec-129]: Language changed to en
2021-01-14 13:14:55 INFO  [http-nio-8080-exec-142]: Language changed to ukr
2021-01-14 13:14:57 INFO  [http-nio-8080-exec-145]: Language changed to en
2021-01-14 13:15:03 INFO  [http-nio-8080-exec-139]: admin authorized
2021-01-14 13:19:02 INFO  [http-nio-8080-exec-152]: admin authorized
2021-01-14 13:21:21 INFO  [http-nio-8080-exec-159]: Language changed to ukr
2021-01-14 13:22:01 INFO  [http-nio-8080-exec-168]: Language changed to ukr
2021-01-14 13:28:59 INFO  [http-nio-8080-exec-162]: Language changed to ukr
2021-01-14 13:29:05 INFO  [http-nio-8080-exec-165]: admin authorized
2021-01-14 13:29:08 INFO  [http-nio-8080-exec-166]: Language changed to en
2021-01-14 13:29:10 INFO  [http-nio-8080-exec-164]: Language changed to ukr
2021-01-14 13:31:21 INFO  [http-nio-8080-exec-171]: Language changed to ukr
2021-01-14 16:03:34 INFO  [http-nio-8080-exec-178]: admin authorized
2021-01-14 16:14:07 INFO  [http-nio-8080-exec-180]: admin authorized
2021-01-14 16:15:37 INFO  [http-nio-8080-exec-185]: admin authorized
2021-01-14 16:25:06 INFO  [http-nio-8080-exec-199]: admin authorized
2021-01-14 16:26:39 INFO  [http-nio-8080-exec-209]: admin authorized
2021-01-14 16:28:01 INFO  [http-nio-8080-exec-217]: admin authorized
2021-01-14 16:28:33 INFO  [http-nio-8080-exec-226]: admin authorized
